Time (μs)   Sum (μs)  Command
        54         54 > set -g IFS \n\ \t
         4          4 > set -qg __fish_added_user_paths
         5          5 > set -g __fish_added_user_paths
        18         18 > function __fish_default_command_not_found_handler...
         3         21 > if not status --is-interactive...
        18         18 -> not status --is-interactive
       100        281 > set -l is_standalone (
                            if status get-file config.fish &>/dev/null
                                echo true
                            else
                                echo false
                            end
                        )
         8        181 -> if status get-file config.fish &>/dev/null...
       133        133 --> status get-file config.fish &>/dev/null
        40         40 --> echo true
         4          4 > set -l __extra_completionsdir
         8          8 > set -l __extra_functionsdir
         4          4 > set -l __extra_confdir
         6        163 > if $is_standalone...
        27         27 -> $is_standalone
       101        130 -> status get-file __fish_build_paths.fish | source
         7          7 --> set __extra_completionsdir /opt/homebrew/share/fish/vendor_completions.d
        10         10 --> set __extra_functionsdir /opt/homebrew/share/fish/vendor_functions.d
        12         12 --> set __extra_confdir /opt/homebrew/share/fish/vendor_conf.d
         4          4 > set -l xdg_data_dirs
         4        157 > if set -q XDG_DATA_DIRS...
         5          5 -> set -q XDG_DATA_DIRS
        13         13 -> set --path xdg_data_dirs $XDG_DATA_DIRS
        44        135 -> set xdg_data_dirs (string replace -r '([^/])/$' '$1' -- $xdg_data_dirs)/fish
        91         91 --> string replace -r '([^/])/$' '$1' -- $xdg_data_dirs
        11         11 > set -g __fish_vendor_completionsdirs
         5          5 > set -g __fish_vendor_functionsdirs
         3          3 > set -g __fish_vendor_confdirs
        16        146 > if not set -q FISH_UNIT_TESTS_RUNNING...
         2          2 -> not set -q FISH_UNIT_TESTS_RUNNING
        11         11 -> set __fish_vendor_completionsdirs $__fish_user_data_dir/vendor_completions.d $xdg_data_dirs/vendor_completions.d
        11         11 -> set __fish_vendor_functionsdirs $__fish_user_data_dir/vendor_functions.d $xdg_data_dirs/vendor_functions.d
        16         16 -> set __fish_vendor_confdirs $__fish_user_data_dir/vendor_conf.d $xdg_data_dirs/vendor_conf.d
         6         41 -> if not contains -- $__extra_completionsdir $__fish_vendor_completionsdirs...
        22         22 --> not contains -- $__extra_completionsdir $__fish_vendor_completionsdirs
        13         13 --> set -a __fish_vendor_completionsdirs $__extra_completionsdir
         3         28 -> if not contains -- $__extra_functionsdir $__fish_vendor_functionsdirs...
        14         14 --> not contains -- $__extra_functionsdir $__fish_vendor_functionsdirs
        11         11 --> set -a __fish_vendor_functionsdirs $__extra_functionsdir
         3         21 -> if not contains -- $__extra_confdir $__fish_vendor_confdirs...
        12         12 --> not contains -- $__extra_confdir $__fish_vendor_confdirs
         6          6 --> set -a __fish_vendor_confdirs $__extra_confdir
         9        131 > if not set -q fish_function_path...
         4          4 -> not set -q fish_function_path
        17         17 -> set fish_function_path $__fish_config_dir/functions $__fish_sysconf_dir/functions $__fish_vendor_functionsdirs
         2        101 -> if not $is_standalone...
        99         99 --> not $is_standalone
         6         45 > if not set -q fish_complete_path...
         3          3 -> not set -q fish_complete_path
        24         24 -> set fish_complete_path $__fish_config_dir/completions $__fish_sysconf_dir/completions $__fish_vendor_completionsdirs
         1          5 -> if not $is_standalone...
         4          4 --> not $is_standalone
         7          7 -> set -a fish_complete_path $__fish_cache_dir/generated_completions
         8          8 > function __fish_reconstruct_path -d "Update PATH when fish_user_paths changes" --on-variable fish_user_paths...
         8          8 > function fish_sigtrap_handler --on-signal TRAP --no-scope-shadowing --description "TRAP handler: debug prompt"...
         3          3 > function __fish_on_interactive --on-event fish_prompt --on-event fish_read...
         3          3 > not set -q LANG
         1          4 > if status --is-login...
         3          3 -> status --is-login
        21        618 > __fish_reconstruct_path
         7          7 -> set -l new_user_path
        42        134 -> for path in (string split : -- $fish_user_paths)...
        18         18 --> string split : -- $fish_user_paths
         5         49 --> if not contains -- $path $new_user_path...
        38         38 ---> not contains -- $path $new_user_path
         6          6 ---> set -a new_user_path $path
         2         12 --> if not contains -- $path $new_user_path...
         5          5 ---> not contains -- $path $new_user_path
         5          5 ---> set -a new_user_path $path
         2         13 --> if not contains -- $path $new_user_path...
         6          6 ---> not contains -- $path $new_user_path
         5          5 ---> set -a new_user_path $path
         1        110 -> if test (count $new_user_path) -lt (count $fish_user_paths)...
        65        109 --> test (count $new_user_path) -lt (count $fish_user_paths)
        37         37 ---> count $new_user_path
         7          7 ---> count $fish_user_paths
        26         26 -> set -l local_path $PATH
         2          2 -> for x in $__fish_added_user_paths...
         8          8 -> set -g __fish_added_user_paths
         5        286 -> if set -q fish_user_paths...
         3          3 --> set -q fish_user_paths
        47        278 --> for x in (string split ":" -- $fish_user_paths[-1..1])...
        11         11 ---> string split ":" -- $fish_user_paths[-1..1]
         3         65 ---> if set -l idx (contains --index -- $x $local_path)...
        30         52 ----> set -l idx (contains --index -- $x $local_path)
        22         22 -----> contains --index -- $x $local_path
        10         10 ----> set -e local_path[$idx]
         9          9 ---> set -p local_path $x
         3         57 ---> if set -l idx (contains --index -- $x $local_path)...
        29         48 ----> set -l idx (contains --index -- $x $local_path)
        19         19 -----> contains --index -- $x $local_path
         6          6 ----> set -e local_path[$idx]
         6          6 ---> set -p local_path $x
         5         69 ---> if set -l idx (contains --index -- $x $local_path)...
        40         54 ----> set -l idx (contains --index -- $x $local_path)
        14         14 -----> contains --index -- $x $local_path
        10         10 ----> set -e local_path[$idx]
        14         14 ---> set -p local_path $x
        24         24 -> set -xg PATH $local_path
         2          2 > function __fish_expand_pid_args...
        13         25 > for jobbltn in bg wait disown...
         5          5 -> function $jobbltn -V jobbltn...
         3          3 -> function $jobbltn -V jobbltn...
         4          4 -> function $jobbltn -V jobbltn...
         1          1 > function fg...
         5        105 > if command -q kill...
        99         99 -> command -q kill
         1          1 -> function kill...
         5          5 > set -l sourcelist
       215       1431 > for file in $__fish_config_dir/conf.d/*.fish $__fish_sysconf_dir/conf.d/*.fish $__fish_vendor_confdirs/*.fish...
        38         66 -> set -l basename (string replace -r '^.*/' '' -- $file)
        28         28 --> string replace -r '^.*/' '' -- $file
         8          8 -> contains -- $basename $sourcelist
         6          6 -> set sourcelist $sourcelist $basename
        39         39 -> test -f $file -a -r $file
        82        605 -> source $file
       239        523 --> fish_add_path /opt/homebrew/bin
         4          4 ---> function fish_add_path --description "Add paths to the PATH"...
        26         26 ---> argparse -x g,U -x P,U -x a,p g/global U/universal P/path p/prepend a/append h/help m/move v/verbose n/dry-run -- $argv
         1          4 ---> if set -q _flag_help...
         3          3 ----> set -q _flag_help
         5          5 ---> set -l scope $_flag_global $_flag_universal
         1          7 ---> if not set -q scope[1]...
         3          3 ----> not set -q scope[1]
         3          3 ----> not set -q fish_user_paths
         3          3 ---> set -l var fish_user_paths
         2          2 ---> set -q _flag_path
         4          4 ---> set -l mode $_flag_prepend $_flag_append
         2          2 ---> set -q mode[1]
         3          3 ---> set mode -p
        30         30 ---> status current-command | string match -rq '^fish_add_path$'
         3          3 ---> set -l newpaths
         2          2 ---> set -l indexes
        11        162 ---> for path in $argv...
        28         97 ----> set -l p (builtin realpath -s -- $path 2>/dev/null)
        69         69 -----> builtin realpath -s -- $path 2>/dev/null
         1         10 ----> if not test -d "$p"...
         9          9 -----> not test -d "$p"
         4         44 ----> if set -l ind (contains -i -- $p $$var)...
        25         34 -----> set -l ind (contains -i -- $p $$var)
         9          9 ------> contains -i -- $p $$var
         2          6 -----> if set -q _flag_move...
         2          2 ------> set -q _flag_move
         2          2 ------> set -q _flag_verbose
         6          6 ---> set -l newvar $$var
         1          3 ---> if set -q _flag_move...
         2          2 ----> set -q _flag_move
         5          5 ---> set $mode newvar $newpaths
         4         13 ---> if set -q newpaths[1]...
         2          2 ----> set -q newpaths[1]
         1          1 ----> set -q indexes[1]
         1          3 ----> if set -q _flag_verbose...
         2          2 -----> set -q _flag_verbose
         3          3 ----> return 1
        30         46 -> set -l basename (string replace -r '^.*/' '' -- $file)
        16         16 --> string replace -r '^.*/' '' -- $file
         8          8 -> contains -- $basename $sourcelist
         6          6 -> set sourcelist $sourcelist $basename
        66         66 -> test -f $file -a -r $file
       142        182 -> source $file
         4          4 --> set --query XDG_DATA_HOME
        10         10 --> set --local XDG_DATA_HOME ~/.local/share
         2          2 --> set --query nvm_mirror
         4          4 --> set --global nvm_mirror https://nodejs.org/dist
         2          2 --> set --query nvm_data
         5          5 --> set --global nvm_data $XDG_DATA_HOME/nvm
         3          3 --> function _nvm_install --on-event nvm_install...
         1          1 --> function _nvm_update --on-event nvm_update...
         2          2 --> function _nvm_uninstall --on-event nvm_uninstall...
         1          7 --> if status is-interactive...
         3          3 ---> status is-interactive
         3          3 ---> set --query nvm_default_version
        31         45 -> set -l basename (string replace -r '^.*/' '' -- $file)
        14         14 --> string replace -r '^.*/' '' -- $file
         6          6 -> contains -- $basename $sourcelist
         6          6 -> set sourcelist $sourcelist $basename
        30         30 -> test -f $file -a -r $file
        32         97 -> source $file
        46         65 --> source "$HOME/.cargo/env.fish"
         2         19 ---> if not contains "$HOME/.cargo/bin" $PATH...
        17         17 ----> not contains "$HOME/.cargo/bin" $PATH
        28         28 > builtin source /opt/homebrew/etc/fish/config.fish
        65      46819 > builtin source /Users/mac/.config/fish/config.fish
        18      28885 -> if not pgrep -u (whoami) ssh-agent >/dev/null...
     23504      28867 --> not pgrep -u (whoami) ssh-agent >/dev/null
      5363       5363 ---> whoami
        11      17869 -> if status is-interactive...
        23         23 --> status is-interactive
       241        580 --> alias ls='eza --icons'
        14         14 ---> function alias --description 'Creates a function wrapping a command'...
         8          8 ---> set -l options h/help s/save
        14         14 ---> argparse -n alias --max-args=2 $options -- $argv
         1          3 ---> if set -q _flag_help...
         2          2 ----> set -q _flag_help
         2          2 ---> set -l name
         1          1 ---> set -l body
         4         59 ---> if not set -q argv[1]...
         2          2 ----> not set -q argv[1]
         2          2 ----> not set -q argv[2]
        35         45 ----> set -l tmp (string split -m 1 "=" -- $argv) ""
        10         10 -----> string split -m 1 "=" -- $argv
         4          4 ----> set name $tmp[1]
         2          2 ----> set body $tmp[2]
         0          9 ---> if test -z "$name"...
         6          6 ----> test -z "$name"
         3          3 ----> test -z "$body"
        68         68 ---> printf '%s\n' $body | read -l --list words
         4          4 ---> set -l first_word $words[1]
         3          3 ---> set -l last_word $words[-1]
         0          4 ---> if test $first_word = $name...
         4          4 ----> test $first_word = $name
        26         32 ---> set -l cmd_string (string escape -- "alias $argv")
         6          6 ----> string escape -- "alias $argv"
         4          4 ---> set -l wraps
         2         39 ---> if test $first_word != $name...
         5          5 ----> test $first_word != $name
         4          4 ----> test $last_word != $name
        24         28 ----> set wraps --wraps (string escape -- $body)
         4          4 -----> string escape -- $body
        66         72 ---> echo "function $name $wraps --description $cmd_string"\n"    $body \$argv"\n"end" | source
         6          6 ----> function ls --wraps 'eza --icons' --description 'alias ls=eza --icons'...
         0          3 ---> if set -q _flag_save...
         3          3 ----> set -q _flag_save
        17        213 --> alias c='clear'
         3          3 ---> set -l options h/help s/save
         7          7 ---> argparse -n alias --max-args=2 $options -- $argv
         0          2 ---> if set -q _flag_help...
         2          2 ----> set -q _flag_help
         1          1 ---> set -l name
         1          1 ---> set -l body
         5         41 ---> if not set -q argv[1]...
         1          1 ----> not set -q argv[1]
         1          1 ----> not set -q argv[2]
        23         28 ----> set -l tmp (string split -m 1 "=" -- $argv) ""
         5          5 -----> string split -m 1 "=" -- $argv
         3          3 ----> set name $tmp[1]
         3          3 ----> set body $tmp[2]
         1          5 ---> if test -z "$name"...
         2          2 ----> test -z "$name"
         2          2 ----> test -z "$body"
        19         19 ---> printf '%s\n' $body | read -l --list words
         3          3 ---> set -l first_word $words[1]
         3          3 ---> set -l last_word $words[-1]
         1          4 ---> if test $first_word = $name...
         3          3 ----> test $first_word = $name
        21         24 ---> set -l cmd_string (string escape -- "alias $argv")
         3          3 ----> string escape -- "alias $argv"
         2          2 ---> set -l wraps
         3         39 ---> if test $first_word != $name...
         3          3 ----> test $first_word != $name
         2          2 ----> test $last_word != $name
        28         31 ----> set wraps --wraps (string escape -- $body)
         3          3 -----> string escape -- $body
        32         35 ---> echo "function $name $wraps --description $cmd_string"\n"    $body \$argv"\n"end" | source
         3          3 ----> function c --wraps clear --description 'alias c=clear'...
         5          7 ---> if set -q _flag_save...
         2          2 ----> set -q _flag_save
        18        182 --> alias cd='z'
         2          2 ---> set -l options h/help s/save
         5          5 ---> argparse -n alias --max-args=2 $options -- $argv
         0          1 ---> if set -q _flag_help...
         1          1 ----> set -q _flag_help
         1          1 ---> set -l name
         1          1 ---> set -l body
         2         36 ---> if not set -q argv[1]...
         1          1 ----> not set -q argv[1]
         2          2 ----> not set -q argv[2]
        21         25 ----> set -l tmp (string split -m 1 "=" -- $argv) ""
         4          4 -----> string split -m 1 "=" -- $argv
         3          3 ----> set name $tmp[1]
         3          3 ----> set body $tmp[2]
         2          6 ---> if test -z "$name"...
         2          2 ----> test -z "$name"
         2          2 ----> test -z "$body"
        18         18 ---> printf '%s\n' $body | read -l --list words
         3          3 ---> set -l first_word $words[1]
         3          3 ---> set -l last_word $words[-1]
         0          3 ---> if test $first_word = $name...
         3          3 ----> test $first_word = $name
        20         23 ---> set -l cmd_string (string escape -- "alias $argv")
         3          3 ----> string escape -- "alias $argv"
         2          2 ---> set -l wraps
         3         23 ---> if test $first_word != $name...
         3          3 ----> test $first_word != $name
         2          2 ----> test $last_word != $name
        12         15 ----> set wraps --wraps (string escape -- $body)
         3          3 -----> string escape -- $body
        32         35 ---> echo "function $name $wraps --description $cmd_string"\n"    $body \$argv"\n"end" | source
         3          3 ----> function cd --wraps z --description 'alias cd=z'...
         0          2 ---> if set -q _flag_save...
         2          2 ----> set -q _flag_save
      2914       3590 --> zoxide init fish | source
         2          2 ---> function __zoxide_pwd...
         2        192 ---> if ! builtin functions --query __zoxide_cd_internal...
        25         25 ----> ! builtin functions --query __zoxide_cd_internal
       162        165 ----> string replace --regex -- '^function cd\s' 'function __zoxide_cd_internal ' <$__fish_data_dir/functions/cd.fish | source
         3          3 -----> function __zoxide_cd_internal --description "Change directory"...
         0          0 ---> function __zoxide_cd...
         2          2 ---> function __zoxide_hook --on-variable PWD...
         0          0 ---> function __zoxide_z...
         1          1 ---> function __zoxide_z_complete...
        33         33 ---> complete --command __zoxide_z --no-files --arguments '(__zoxide_z_complete)'
         1          1 ---> function __zoxide_zi...
        42         42 ---> abbr --erase z &>/dev/null
        17        193 ---> alias z=__zoxide_z
         2          2 ----> set -l options h/help s/save
         7          7 ----> argparse -n alias --max-args=2 $options -- $argv
         1          3 ----> if set -q _flag_help...
         2          2 -----> set -q _flag_help
         2          2 ----> set -l name
         1          1 ----> set -l body
         5         36 ----> if not set -q argv[1]...
         1          1 -----> not set -q argv[1]
         1          1 -----> not set -q argv[2]
        20         24 -----> set -l tmp (string split -m 1 "=" -- $argv) ""
         4          4 ------> string split -m 1 "=" -- $argv
         3          3 -----> set name $tmp[1]
         2          2 -----> set body $tmp[2]
         0          6 ----> if test -z "$name"...
         3          3 -----> test -z "$name"
         3          3 -----> test -z "$body"
        22         22 ----> printf '%s\n' $body | read -l --list words
         4          4 ----> set -l first_word $words[1]
         5          5 ----> set -l last_word $words[-1]
         1          4 ----> if test $first_word = $name...
         3          3 -----> test $first_word = $name
        20         24 ----> set -l cmd_string (string escape -- "alias $argv")
         4          4 -----> string escape -- "alias $argv"
         2          2 ----> set -l wraps
         2         23 ----> if test $first_word != $name...
         3          3 -----> test $first_word != $name
         3          3 -----> test $last_word != $name
        13         15 -----> set wraps --wraps (string escape -- $body)
         2          2 ------> string escape -- $body
        30         33 ----> echo "function $name $wraps --description $cmd_string"\n"    $body \$argv"\n"end" | source
         3          3 -----> function z --wraps __zoxide_z --description 'alias z=__zoxide_z'...
         1          2 ----> if set -q _flag_save...
         1          1 -----> set -q _flag_save
        20         20 ---> abbr --erase zi &>/dev/null
        15        190 ---> alias zi=__zoxide_zi
         3          3 ----> set -l options h/help s/save
         5          5 ----> argparse -n alias --max-args=2 $options -- $argv
         1          2 ----> if set -q _flag_help...
         1          1 -----> set -q _flag_help
         2          2 ----> set -l name
         1          1 ----> set -l body
         3         37 ----> if not set -q argv[1]...
         1          1 -----> not set -q argv[1]
         2          2 -----> not set -q argv[2]
        22         26 -----> set -l tmp (string split -m 1 "=" -- $argv) ""
         4          4 ------> string split -m 1 "=" -- $argv
         3          3 -----> set name $tmp[1]
         2          2 -----> set body $tmp[2]
         2          6 ----> if test -z "$name"...
         2          2 -----> test -z "$name"
         2          2 -----> test -z "$body"
        18         18 ----> printf '%s\n' $body | read -l --list words
         3          3 ----> set -l first_word $words[1]
         3          3 ----> set -l last_word $words[-1]
         1          4 ----> if test $first_word = $name...
         3          3 -----> test $first_word = $name
        20         23 ----> set -l cmd_string (string escape -- "alias $argv")
         3          3 -----> string escape -- "alias $argv"
         2          2 ----> set -l wraps
         2         31 ----> if test $first_word != $name...
         3          3 -----> test $first_word != $name
         2          2 -----> test $last_word != $name
        21         24 -----> set wraps --wraps (string escape -- $body)
         3          3 ------> string escape -- $body
        31         33 ----> echo "function $name $wraps --description $cmd_string"\n"    $body \$argv"\n"end" | source
         2          2 -----> function zi --wraps __zoxide_zi --description 'alias zi=__zoxide_zi'...
         1          2 ----> if set -q _flag_save...
         1          1 -----> set -q _flag_save
      7881      13270 --> starship init fish | source
     -1188       5389 ---> source (/opt/homebrew/bin/starship init fish --print-full-init | psub)
       276       5138 ----> /opt/homebrew/bin/starship init fish --print-full-init | psub
         4          4 -----> function psub --description "Read from stdin into a file and output the filename. Remove the file when the command that called psub exits."...
         7          7 -----> set -l options -x 'f,F' h/help f/file F/fifo 's/suffix=' T-testing
        10         10 -----> argparse -n psub --max-args=0 $options -- $argv
         1          3 -----> if set -q _flag_help...
         2          2 ------> set -q _flag_help
         2          2 -----> set -l dirname
         2          2 -----> set -l filename
         2          2 -----> set -l funcname
         1          4 -----> if not status --is-command-substitution...
         3          3 ------> not status --is-command-substitution
         7       4694 -----> if set -q _flag_fifo...
         1          1 ------> set -q _flag_fifo
         3          3 ------> test -z "$_flag_suffix"
        23       1278 ------> set filename (__fish_mktemp_relative .psub)
        40       1255 -------> __fish_mktemp_relative .psub
         4          4 --------> function __fish_mktemp_relative...
         0          3 --------> if not set -q TMPDIR[1]...
         3          3 ---------> not set -q TMPDIR[1]
         4          4 --------> argparse -u -- $argv
         0          2 --------> if not set -q argv[1]...
         2          2 ---------> not set -q argv[1]
      1202       1202 --------> mktemp $argv_opts -- $TMPDIR/$argv.XXXXXX
      3405       3405 ------> command cat >$filename
         6          6 -----> echo $filename
         1          3 -----> if set -q _flag_testing...
         2          2 ------> set -q _flag_testing
         3        119 -----> while ...
         2          2 ------> true
        23         45 ------> set funcname __fish_psub_(random)
        22         22 -------> random
         3         69 ------> if not functions $funcname >/dev/null 2>/dev/null...
        65         65 -------> not functions $funcname >/dev/null 2>/dev/null
         1          1 -------> break
         6          6 -----> function $funcname --on-job-exit caller --inherit-variable filename --inherit-variable dirname --inherit-variable funcname...
         3          3 ----> function __starship_set_job_count --description 'Set STARSHIP_JOBS using fish job groups (or legacy PIDs if toggled)'...
         0          0 ----> function fish_prompt...
         0          0 ----> function fish_right_prompt...
         3          3 ----> set -g VIRTUAL_ENV_DISABLE_PROMPT 1
         2          2 ----> builtin functions -e fish_mode_prompt
         3          3 ----> set -gx STARSHIP_SHELL "fish"
         1          1 ----> function reset-transient --on-event fish_postexec...
         0          0 ----> function transient_execute...
         2          2 ----> function enable_transience --description 'enable transient prompt keybindings'...
         2          2 ----> function disable_transience --description 'remove transient prompt keybindings'...
        20         74 ----> set -gx STARSHIP_SESSION_KEY (string sub -s1 -l16 (random)(random)(random)(random)(random)0000000000000000)
        46         54 -----> string sub -s1 -l16 (random)(random)(random)(random)(random)0000000000000000
         2          2 ------> random
         1          1 ------> random
         2          2 ------> random
         2          2 ------> random
         1          1 ------> random
         7       1349 ----> __fish_psub_27391 JOB_EXIT -1 0
      1335       1335 -----> command rm $filename
         0          4 -----> if test -n "$dirname"...
         4          4 ------> test -n "$dirname"
         3          3 -----> functions -e $funcname
